# JRE version: OpenJDK Runtime Environment (11.0.11+9) (build 11.0.11+9-b60-7590822)
# Java VM: OpenJDK 64-Bit Server VM (11.0.11+9-b60-7590822, mixed mode, tiered, compressed oops, g1 gc, windows-amd64)
Heap:
 garbage-first heap   total 258048K, used 137885K [0x00000000a0000000, 0x0000000100000000)
  region size 1024K, 109 young (111616K), 19 survivors (19456K)
 Metaspace       used 65739K, capacity 67388K, committed 67668K, reserved 1107968K
  class space    used 8288K, capacity 8838K, committed 8908K, reserved 1048576K
GC Heap History (18 events):
Event: 1.210 GC heap before
{Heap before GC invocations=0 (full 0):
 garbage-first heap   total 258048K, used 17408K [0x00000000a0000000, 0x0000000100000000)
  region size 1024K, 14 young (14336K), 0 survivors (0K)
 Metaspace       used 6797K, capacity 7001K, committed 7168K, reserved 1056768K
  class space    used 585K, capacity 650K, committed 768K, reserved 1048576K
}
Event: 1.217 GC heap after
{Heap after GC invocations=1 (full 0):
 garbage-first heap   total 258048K, used 4541K [0x00000000a0000000, 0x0000000100000000)
  region size 1024K, 2 young (2048K), 2 survivors (2048K)
 Metaspace       used 6797K, capacity 7001K, committed 7168K, reserved 1056768K
  class space    used 585K, capacity 650K, committed 768K, reserved 1048576K
}
Event: 1.916 GC heap before
{Heap before GC invocations=1 (full 0):
 garbage-first heap   total 258048K, used 19901K [0x00000000a0000000, 0x0000000100000000)
  region size 1024K, 14 young (14336K), 2 survivors (2048K)
 Metaspace       used 9955K, capacity 10194K, committed 10368K, reserved 1058816K
  class space    used 1030K, capacity 1102K, committed 1152K, reserved 1048576K
}
Event: 1.926 GC heap after
{Heap after GC invocations=2 (full 0):
 garbage-first heap   total 258048K, used 9261K [0x00000000a0000000, 0x0000000100000000)
  region size 1024K, 2 young (2048K), 2 survivors (2048K)
 Metaspace       used 9955K, capacity 10194K, committed 10368K, reserved 1058816K
  class space    used 1030K, capacity 1102K, committed 1152K, reserved 1048576K
}
Event: 2.631 GC heap before
{Heap before GC invocations=2 (full 0):
 garbage-first heap   total 258048K, used 38957K [0x00000000a0000000, 0x0000000100000000)
  region size 1024K, 31 young (31744K), 2 survivors (2048K)
 Metaspace       used 10926K, capacity 11149K, committed 11264K, reserved 1058816K
  class space    used 1132K, capacity 1207K, committed 1280K, reserved 1048576K
}
Event: 2.635 GC heap after
{Heap after GC invocations=3 (full 0):
 garbage-first heap   total 258048K, used 11606K [0x00000000a0000000, 0x0000000100000000)
  region size 1024K, 3 young (3072K), 3 survivors (3072K)
 Metaspace       used 10926K, capacity 11149K, committed 11264K, reserved 1058816K
  class space    used 1132K, capacity 1207K, committed 1280K, reserved 1048576K
}
Event: 4.453 GC heap before
{Heap before GC invocations=3 (full 0):
 garbage-first heap   total 258048K, used 54614K [0x00000000a0000000, 0x0000000100000000)
  region size 1024K, 46 young (47104K), 3 survivors (3072K)
 Metaspace       used 17682K, capacity 18066K, committed 18176K, reserved 1064960K
  class space    used 2085K, capacity 2217K, committed 2304K, reserved 1048576K
}
Event: 4.460 GC heap after
{Heap after GC invocations=4 (full 0):
 garbage-first heap   total 258048K, used 15900K [0x00000000a0000000, 0x0000000100000000)
  region size 1024K, 6 young (6144K), 6 survivors (6144K)
 Metaspace       used 17682K, capacity 18066K, committed 18176K, reserved 1064960K
  class space    used 2085K, capacity 2217K, committed 2304K, reserved 1048576K
}
Event: 4.923 GC heap before
{Heap before GC invocations=4 (full 0):
 garbage-first heap   total 258048K, used 41500K [0x00000000a0000000, 0x0000000100000000)
  region size 1024K, 32 young (32768K), 6 survivors (6144K)
 Metaspace       used 20685K, capacity 21114K, committed 21296K, reserved 1069056K
  class space    used 2531K, capacity 2658K, committed 2688K, reserved 1048576K
}
Event: 4.930 GC heap after
{Heap after GC invocations=5 (full 0):
 garbage-first heap   total 258048K, used 17051K [0x00000000a0000000, 0x0000000100000000)
  region size 1024K, 8 young (8192K), 8 survivors (8192K)
 Metaspace       used 20685K, capacity 21114K, committed 21296K, reserved 1069056K
  class space    used 2531K, capacity 2658K, committed 2688K, reserved 1048576K
}
Event: 6.129 GC heap before
{Heap before GC invocations=6 (full 0):
 garbage-first heap   total 258048K, used 72347K [0x00000000a0000000, 0x0000000100000000)
  region size 1024K, 62 young (63488K), 8 survivors (8192K)
 Metaspace       used 26217K, capacity 26777K, committed 27008K, reserved 1073152K
  class space    used 3424K, capacity 3616K, committed 3712K, reserved 1048576K
}
Event: 6.139 GC heap after
{Heap after GC invocations=7 (full 0):
 garbage-first heap   total 258048K, used 19256K [0x00000000a0000000, 0x0000000100000000)
  region size 1024K, 4 young (4096K), 4 survivors (4096K)
 Metaspace       used 26217K, capacity 26777K, committed 27008K, reserved 1073152K
  class space    used 3424K, capacity 3616K, committed 3712K, reserved 1048576K
}
Event: 7.438 GC heap before
{Heap before GC invocations=7 (full 0):
 garbage-first heap   total 258048K, used 78648K [0x00000000a0000000, 0x0000000100000000)
  region size 1024K, 63 young (64512K), 4 survivors (4096K)
 Metaspace       used 35091K, capacity 35866K, committed 36048K, reserved 1081344K
  class space    used 4555K, capacity 4863K, committed 4864K, reserved 1048576K
}
Event: 7.450 GC heap after
{Heap after GC invocations=8 (full 0):
 garbage-first heap   total 258048K, used 22758K [0x00000000a0000000, 0x0000000100000000)
  region size 1024K, 7 young (7168K), 7 survivors (7168K)
 Metaspace       used 35091K, capacity 35866K, committed 36048K, reserved 1081344K
  class space    used 4555K, capacity 4863K, committed 4864K, reserved 1048576K
}
Event: 10.877 GC heap before
{Heap before GC invocations=9 (full 0):
 garbage-first heap   total 258048K, used 173286K [0x00000000a0000000, 0x0000000100000000)
  region size 1024K, 151 young (154624K), 7 survivors (7168K)
 Metaspace       used 47010K, capacity 48211K, committed 48464K, reserved 1091584K
  class space    used 6001K, capacity 6428K, committed 6528K, reserved 1048576K
}
Event: 10.900 GC heap after
{Heap after GC invocations=10 (full 0):
 garbage-first heap   total 258048K, used 31074K [0x00000000a0000000, 0x0000000100000000)
  region size 1024K, 15 young (15360K), 15 survivors (15360K)
 Metaspace       used 47010K, capacity 48211K, committed 48464K, reserved 1091584K
  class space    used 6001K, capacity 6428K, committed 6528K, reserved 1048576K
}
Event: 15.716 GC heap before
{Heap before GC invocations=10 (full 0):
 garbage-first heap   total 258048K, used 157026K [0x00000000a0000000, 0x0000000100000000)
  region size 1024K, 135 young (138240K), 15 survivors (15360K)
 Metaspace       used 58691K, capacity 60162K, committed 60296K, reserved 1101824K
  class space    used 7390K, capacity 7919K, committed 7936K, reserved 1048576K
}
Event: 15.771 GC heap after
{Heap after GC invocations=11 (full 0):
 garbage-first heap   total 258048K, used 46749K [0x00000000a0000000, 0x0000000100000000)
  region size 1024K, 19 young (19456K), 19 survivors (19456K)
 Metaspace       used 58691K, capacity 60162K, committed 60296K, reserved 1101824K
  class space    used 7390K, capacity 7919K, committed 7936K, reserved 1048576K
}

